INFO 2017-09-26 02:31:40,307: Running
INFO 2017-09-26 02:31:40,308: Using Config file: PETR_config.ini
INFO 2017-09-26 02:31:40,322: Reading CAMEO.2.0.txt
INFO 2017-09-26 02:31:44,876: Reading Phoenix.agents.txt

WARNING 2017-09-26 02:31:45,057: Codes are required for agents in .agents file ; line skipped
INFO 2017-09-26 02:31:45,060: Reading Phoenix.discards.txt
INFO 2017-09-26 02:31:45,063: Reading Phoenix.IssueCoding.txt
INFO 2017-09-26 02:31:45,115: 	Sentence discard.   WEST AT QUEEN'S OUTFIELD
INFO 2017-09-26 02:31:45,116: 	Sentence discard.   AT QUEEN'S CRICKET
INFO 2017-09-26 02:31:45,117: 	Sentence discard.   OUTFIELD
INFO 2017-09-26 02:31:45,468: 	Sentence discard.   CHAMPIONS
INFO 2017-09-26 02:31:45,529: 	Sentence discard.   CHAMPIONS
INFO 2017-09-26 02:31:45,530: 	Sentence discard.   CHAMPIONS
INFO 2017-09-26 02:31:45,530: 	Sentence discard.   FIRST CHAMPIONS
INFO 2017-09-26 02:31:45,594: ut.EP AFP_ENG_20040424.0443_5 text not found. Target
INFO 2017-09-26 02:31:45,852: 	Sentence discard.   FOOTBALL
INFO 2017-09-26 02:31:46,072: 	Story discard. +  THIRD FRENCH OPEN
INFO 2017-09-26 02:31:46,236: 	Sentence discard.   FOOTBALL
INFO 2017-09-26 02:31:46,290: ut.EP AFP_ENG_20040424.0468_1 len(keylist) < 2 [u'nouns']
INFO 2017-09-26 02:31:46,443: 	Story discard. +  MANCHESTER UNITED
INFO 2017-09-26 02:31:46,906: 	Story discard. +  PLAY MANCHESTER UNITED
INFO 2017-09-26 02:31:46,949: 	Story discard. +  WORLD CUP
INFO 2017-09-26 02:31:47,142: 	Sentence discard.   AT TENNIS
INFO 2017-09-26 02:31:47,328: 	Sentence discard.   CONFEDERATION AFRICAN CLUB FIRST SECOND CHAMPIONS
INFO 2017-09-26 02:31:47,578: 	Sentence discard.   AT TENNIS
INFO 2017-09-26 02:31:47,620: 	Sentence discard.   WEST PLAYING FOOTBALL
INFO 2017-09-26 02:31:47,718: 	Sentence discard.   SECOND 2003
INFO 2017-09-26 02:31:47,743: 	Sentence discard.   FOOTBALL
INFO 2017-09-26 02:31:47,795: 	Sentence discard.   2001
INFO 2017-09-26 02:31:47,853: 	Sentence discard.   AT THIRD ROUND
INFO 2017-09-26 02:31:47,912: 	Sentence discard.   FOOTBALL
INFO 2017-09-26 02:31:48,129: 	Sentence discard.   FIRST ISRAEL 1967
INFO 2017-09-26 02:31:48,244: 	Sentence discard.   FOOTBALL
INFO 2017-09-26 02:31:48,324: 	Sentence discard.   FOOTBALL
INFO 2017-09-26 02:31:48,417: 	Story discard. +  WORLD CUP
INFO 2017-09-26 02:31:48,470: 	Sentence discard.   THIRD ROUND
INFO 2017-09-26 02:31:48,524: 	Sentence discard.   LEG ACCIDENT YEARS AGO
INFO 2017-09-26 02:31:48,526: 	Sentence discard.   LEG YEARS AGO
INFO 2017-09-26 02:31:48,555: 	Sentence discard.   WEST PLAYING FOOTBALL
INFO 2017-09-26 02:31:48,641: 	Sentence discard.   YEARS 1974
INFO 2017-09-26 02:31:48,725: 	Story discard. +  FIRST MIDFIELDER
INFO 2017-09-26 02:31:49,033: 	Sentence discard.   FOOTBALL
INFO 2017-09-26 02:31:49,040: 	Sentence discard.   WORLD HOCKEY
INFO 2017-09-26 02:31:49,048: 	Story discard. +  WORLD QUALIFYING ROUND
INFO 2017-09-26 02:31:49,197: 	Sentence discard.   AT AT FIRST 2004
INFO 2017-09-26 02:31:49,269: 	Sentence discard.   CHAMPIONS
INFO 2017-09-26 02:31:49,271: 	Sentence discard.   AT HOME CHAMPIONS
INFO 2017-09-26 02:31:49,281: 	Sentence discard.   GOALLESS HALF HOME HANDBALL
INFO 2017-09-26 02:31:49,378: 	Sentence discard.   CONFEDERATION AFRICAN CLUB FIRST SECOND CHAMPIONS
INFO 2017-09-26 02:31:49,422: 	Sentence discard.   2003
INFO 2017-09-26 02:31:49,422: 	Sentence discard.   BLOCKBUSTER
INFO 2017-09-26 02:31:49,549: 	Sentence discard.   FIRST 2004
INFO 2017-09-26 02:31:49,738: 	Sentence discard.   1994
INFO 2017-09-26 02:31:49,739: 	Sentence discard.   SILVER MEDAL
INFO 2017-09-26 02:31:49,740: 	Story discard. +  WORLD CUP
INFO 2017-09-26 02:31:49,889: 	Story discard. +  WORLD AT GRAND PRIX
INFO 2017-09-26 02:31:50,128: 	Story discard. +  AT MANCHESTER UNITED
INFO 2017-09-26 02:31:50,178: 	Sentence discard.   QUALIFYING CHAMPIONS
INFO 2017-09-26 02:31:50,222: ut.EP AFP_ENG_20040424.0568_1 len(keylist) < 2 [u'nouns']
INFO 2017-09-26 02:31:50,287: 	Sentence discard.   CHAMPIONS
INFO 2017-09-26 02:31:50,290: 	Story discard. +  FOURTH EIGHTH UEFA
INFO 2017-09-26 02:31:50,488: 	Sentence discard.   YEARS 1974
INFO 2017-09-26 02:31:50,518: 	Sentence discard.   FIRST 1989
INFO 2017-09-26 02:31:50,583: 	Sentence discard.   WORLD 2001
INFO 2017-09-26 02:31:50,646: 	Sentence discard.   WORLD WORLD 2004
INFO 2017-09-26 02:31:50,657: 	Sentence discard.   SIXTH 2004
INFO 2017-09-26 02:31:50,744: 	Sentence discard.   FOOTBALL
INFO 2017-09-26 02:31:50,744: 	Sentence discard.   FORMULA ONE
INFO 2017-09-26 02:31:50,745: 	Sentence discard.   TENNIS
INFO 2017-09-26 02:31:50,755: 	Sentence discard.   CHAMPION
INFO 2017-09-26 02:31:50,777: 	Story discard. +  PLAY CLUB WORLD CUP
INFO 2017-09-26 02:31:50,803: 	Sentence discard.   1915
INFO 2017-09-26 02:31:50,819: 	Story discard. +  AT MANCHESTER UNITED
